1638480801577	geckodriver	INFO	Listening on 127.0.0.1:1872
1638480804588	mozrunner::runner	INFO	Running command: "C:\\Program Files\\Mozilla Firefox\\firefox.exe" "--marionette" "--remote-debugging-port" "1873" "-no-remote" "-profile" "C:\\Users\\Pine\\AppData\\Local\\Temp\\rust_mozprofileiRBf6a"
1638480805126	Marionette	INFO	Marionette enabled
console.warn: SearchSettings: "get: No settings file exists, new profile?" (new NotFoundError("Could not open the file at C:\\Users\\Pine\\AppData\\Local\\Temp\\rust_mozprofileiRBf6a\\search.json.mozlz4", (void 0)))
DevTools listening on ws://localhost:1873/devtools/browser/8f35e43e-83bc-43b6-b311-b4b24d3a7c0d
1638480806890	Marionette	INFO	Listening on port 1887
1638480807220	RemoteAgent	WARN	TLS certificate errors will be ignored for this session
1638480828836	Marionette	INFO	Stopped listening on port 1887
console.warn: TopSitesFeed: Failed to fetch data from Contile server: NetworkError when attempting to fetch resource.

###!!! [Parent][RunMessage] Error: Channel closing: too late to send/recv, messages will be lost

1638480832378	geckodriver	INFO	Listening on 127.0.0.1:2082
1638480835412	mozrunner::runner	INFO	Running command: "C:\\Program Files\\Mozilla Firefox\\firefox.exe" "--marionette" "--remote-debugging-port" "2083" "-no-remote" "-profile" "C:\\Users\\Pine\\AppData\\Local\\Temp\\rust_mozprofilehBJqbv"
1638480835714	Marionette	INFO	Marionette enabled
console.warn: SearchSettings: "get: No settings file exists, new profile?" (new NotFoundError("Could not open the file at C:\\Users\\Pine\\AppData\\Local\\Temp\\rust_mozprofilehBJqbv\\search.json.mozlz4", (void 0)))
DevTools listening on ws://localhost:2083/devtools/browser/0a90fd51-888c-4ff9-a52c-31f665a5bc5a
1638480837355	Marionette	INFO	Listening on port 2089
1638480837434	RemoteAgent	WARN	TLS certificate errors will be ignored for this session
1638480854141	Marionette	INFO	Stopped listening on port 2089
console.warn: TopSitesFeed: Failed to fetch data from Contile server: NetworkError when attempting to fetch resource.
1638480956044	geckodriver	INFO	Listening on 127.0.0.1:2417
1638480959063	mozrunner::runner	INFO	Running command: "C:\\Program Files\\Mozilla Firefox\\firefox.exe" "--marionette" "--remote-debugging-port" "2418" "-no-remote" "-profile" "C:\\Users\\Pine\\AppData\\Local\\Temp\\rust_mozprofileDFcKVm"
1638480959324	Marionette	INFO	Marionette enabled
console.warn: SearchSettings: "get: No settings file exists, new profile?" (new NotFoundError("Could not open the file at C:\\Users\\Pine\\AppData\\Local\\Temp\\rust_mozprofileDFcKVm\\search.json.mozlz4", (void 0)))
DevTools listening on ws://localhost:2418/devtools/browser/70d2646a-8dcb-4eec-98e7-c9b94dd68bfa
1638480960989	Marionette	INFO	Listening on port 2426
1638480961085	RemoteAgent	WARN	TLS certificate errors will be ignored for this session
console.warn: TopSitesFeed: Failed to fetch data from Contile server: NetworkError when attempting to fetch resource.
console.error: Region.jsm: "Error fetching region" (new Error("TIMEOUT", "resource://gre/modules/Region.jsm", 772))
console.error: Region.jsm: "Failed to fetch region" (new Error("TIMEOUT", "resource://gre/modules/Region.jsm", 419))
1638480967193	Marionette	INFO	Stopped listening on port 2426
console.warn: TopSitesFeed: Failed to fetch data from Contile server: NetworkError when attempting to fetch resource.
JavaScript error: chrome://remote/content/marionette/cert.js, line 55: NS_ERROR_NOT_AVAILABLE: Component returned failure code: 0x80040111 (NS_ERROR_NOT_AVAILABLE) [nsICertOverrideService.setDisableAllSecurityChecksAndLetAttackersInterceptMyData]

###!!! [Parent][RunMessage] Error: Channel closing: too late to send/recv, messages will be lost

1638481142867	geckodriver	INFO	Listening on 127.0.0.1:1329
1638481153148	geckodriver	INFO	Listening on 127.0.0.1:1345
1638481176643	geckodriver	INFO	Listening on 127.0.0.1:1384
1638481220980	geckodriver	INFO	Listening on 127.0.0.1:1447
1638481224014	mozrunner::runner	INFO	Running command: "C:\\Program Files\\Mozilla Firefox\\firefox.exe" "--marionette" "--remote-debugging-port" "1448" "-no-remote" "-profile" "C:\\Users\\Pine\\AppData\\Local\\Temp\\rust_mozprofileihyaQE"
1638481224284	Marionette	INFO	Marionette enabled
console.warn: SearchSettings: "get: No settings file exists, new profile?" (new NotFoundError("Could not open the file at C:\\Users\\Pine\\AppData\\Local\\Temp\\rust_mozprofileihyaQE\\search.json.mozlz4", (void 0)))
DevTools listening on ws://localhost:1448/devtools/browser/ea79afc0-8986-4c49-bb77-1002fd926857
1638481225870	Marionette	INFO	Listening on port 1461
1638481226035	RemoteAgent	WARN	TLS certificate errors will be ignored for this session
1638481226036	RemoteAgent	INFO	Proxy settings initialised: {"proxyType":"manual","httpProxy":"127.0.0.1:12300","sslProxy":"127.0.0.1:12300"}
1638481358824	Marionette	INFO	Stopped listening on port 1461
console.warn: TopSitesFeed: Failed to fetch data from Contile server: NetworkError when attempting to fetch resource.
